<?xml version="1.0" encoding="UTF-8"?>
<!-- Generated by org.testng.reporters.JUnitReportReporter -->
<testsuite hostname="QT-INBG-LT0211" failures="0" tests="1" name="test.post" time="3.209" errors="0" timestamp="2021-04-08T10:48:21 IST" skipped="0">
  <testcase classname="test.post" name="PostAPI" time="3.209"/>
  <system-out/>
</testsuite> <!-- test.post -->
