<?xml version="1.0" encoding="UTF-8"?>
<!-- Generated by org.testng.reporters.JUnitReportReporter -->
<testsuite hostname="QT-INBG-LT0211" failures="0" tests="4" name="test.Trending" time="9.071" errors="0" timestamp="2021-04-07T15:45:42 IST" skipped="0">
  <testcase classname="test.Trending" name="API_test" time="1.595"/>
  <system-out/>
  <testcase classname="test.Trending" name="API_test" time="4.373"/>
  <system-out/>
  <testcase classname="test.Trending" name="API_test" time="1.552"/>
  <system-out/>
  <testcase classname="test.Trending" name="API_test" time="1.551"/>
  <system-out/>
</testsuite> <!-- test.Trending -->
