<?xml version="1.0" encoding="UTF-8"?>
<!-- Generated by org.testng.reporters.JUnitReportReporter -->
<testsuite hostname="QT-INBG-LT0211" failures="0" tests="1" name="test.getQT2" time="3.112" errors="0" timestamp="2021-04-08T11:42:00 IST" skipped="0">
  <testcase classname="test.getQT2" name="GetAPI" time="3.112"/>
  <system-out/>
</testsuite> <!-- test.getQT2 -->
