<?xml version="1.0" encoding="UTF-8"?>
<!-- Generated by org.testng.reporters.JUnitReportReporter -->
<testsuite hostname="QT-INBG-LT0211" failures="0" tests="1" name="test.getQT" time="3.245" errors="0" timestamp="2021-04-07T16:59:52 IST" skipped="0">
  <testcase classname="test.getQT" name="GetAPI" time="3.245"/>
  <system-out/>
</testsuite> <!-- test.getQT -->
