<?xml version="1.0" encoding="UTF-8"?>
<!-- Generated by org.testng.reporters.JUnitReportReporter -->
<testsuite hostname="QT-INBG-LT0211" failures="0" tests="1" name="test.Blocks" time="3.376" errors="0" timestamp="2021-04-07T16:14:50 IST" skipped="0">
  <testcase classname="test.Blocks" name="BlockPost" time="3.376"/>
  <system-out/>
</testsuite> <!-- test.Blocks -->
