<?xml version="1.0" encoding="UTF-8"?>
<!-- Generated by org.testng.reporters.JUnitReportReporter -->
<testsuite hostname="QT-INBG-LT0211" failures="0" tests="1" name="test.ListUser" time="3.477" errors="0" timestamp="2021-04-07T13:09:41 IST" skipped="0">
  <testcase classname="test.ListUser" name="list" time="3.477"/>
  <system-out/>
</testsuite> <!-- test.ListUser -->
